<?xml version="1.0" encoding="UTF-8"?>
<!-- Generated by org.testng.reporters.JUnitReportReporter -->
<testsuite name="test.framework.testngsecond.AnnotationFirst" tests="2" time="0.013" ignored="1" failures="0" timestamp="17 Jan 2017 06:07:24 GMT" skipped="0" hostname="DESKTOP-RE2K7VA" errors="0">
  <testcase name="flightBooking" time="0.011" classname="test.framework.testngsecond.AnnotationFirst"/>
  <testcase name="flightCancel" time="0.002" classname="test.framework.testngsecond.AnnotationFirst"/>
  <testcase name="openingBrowser" classname="test.framework.testngsecond.AnnotationFirst">
    <skipped/>
  </testcase> <!-- openingBrowser -->
</testsuite> <!-- test.framework.testngsecond.AnnotationFirst -->
