<?xml version="1.0" encoding="UTF-8"?>
<!-- Generated by org.testng.reporters.JUnitReportReporter -->
<testsuite name="test.framework.testng.AnnotationFirst" tests="2" time="0.014" ignored="0" failures="0" timestamp="17 Jan 2017 05:17:44 GMT" skipped="0" hostname="DESKTOP-RE2K7VA" errors="0">
  <testcase name="openingBrowser" time="0.005" classname="test.framework.testng.AnnotationFirst"/>
  <testcase name="flightBooking" time="0.009" classname="test.framework.testng.AnnotationFirst"/>
</testsuite> <!-- test.framework.testng.AnnotationFirst -->
