<?xml version="1.0" encoding="UTF-8"?>
<!-- Generated by org.testng.reporters.JUnitReportReporter -->
<testsuite name="test.framework.testngfirst.AnnotationDependency" tests="3" time="0.019" ignored="2" failures="0" timestamp="17 Jan 2017 05:44:21 GMT" skipped="0" hostname="DESKTOP-RE2K7VA" errors="0">
  <testcase name="openingBrowser" time="0.002" classname="test.framework.testngfirst.AnnotationDependency"/>
  <testcase name="flightBooking" time="0.001" classname="test.framework.testngfirst.AnnotationDependency"/>
  <testcase name="checkOut" time="0.016" classname="test.framework.testngfirst.AnnotationDependency"/>
  <testcase name="payment" classname="test.framework.testngfirst.AnnotationDependency">
    <skipped/>
  </testcase> <!-- payment -->
  <testcase name="payment" classname="test.framework.testngsecond.AnnotationDependency">
    <skipped/>
  </testcase> <!-- payment -->
</testsuite> <!-- test.framework.testngfirst.AnnotationDependency -->
