<?xml version="1.0" encoding="UTF-8"?>
<!-- Generated by org.testng.reporters.JUnitReportReporter -->
<testsuite name="test.framework.testng.AnnotationDependency" tests="2" time="0.019" ignored="1" failures="0" timestamp="17 Jan 2017 04:48:39 GMT" skipped="0" hostname="DESKTOP-RE2K7VA" errors="0">
  <testcase name="flightBooking" time="0.005" classname="test.framework.testng.AnnotationDependency"/>
  <testcase name="openingBrowser" time="0.014" classname="test.framework.testng.AnnotationDependency"/>
  <testcase name="payment" classname="test.framework.testng.AnnotationDependency">
    <skipped/>
  </testcase> <!-- payment -->
</testsuite> <!-- test.framework.testng.AnnotationDependency -->
