<?xml version="1.0" encoding="UTF-8"?>
<!-- Generated by org.testng.reporters.JUnitReportReporter -->
<testsuite name="test.framework.testngfirst.AnnotationFirst" tests="6" time="0.022" ignored="0" failures="0" timestamp="17 Jan 2017 21:47:13 GMT" skipped="0" hostname="DESKTOP-RE2K7VA" errors="0">
  <testcase name="flightBooking" time="0.003" classname="test.framework.testngfirst.AnnotationFirst"/>
  <testcase name="adminLogIn" time="0.007" classname="test.framework.testngfirst.AnnotationFirst"/>
  <testcase name="logIn" time="0.002" classname="test.framework.testngfirst.AnnotationFirst"/>
  <testcase name="logIn" time="0.006" classname="test.framework.testngfirst.AnnotationFirst"/>
  <testcase name="openingBrowser" time="0.002" classname="test.framework.testngfirst.AnnotationFirst"/>
  <testcase name="logIn" time="0.002" classname="test.framework.testngfirst.AnnotationFirst"/>
</testsuite> <!-- test.framework.testngfirst.AnnotationFirst -->
